13/12/2013 00:49:49 (Std) 	+-+-+-+-+-+-+-+-+-+-+-+-+-+-+-+-+-+-+-+-+-+-+-+-+-+-+-+-+-+-+-+-+-+-+-+-+-+-+-+
13/12/2013 00:49:49 (Std) 	+                     Crazy Eddie's GUI System - Event log                    +
13/12/2013 00:49:49 (Std) 	+                          (http://www.cegui.org.uk/)                         +
13/12/2013 00:49:49 (Std) 	+-+-+-+-+-+-+-+-+-+-+-+-+-+-+-+-+-+-+-+-+-+-+-+-+-+-+-+-+-+-+-+-+-+-+-+-+-+-+-+

13/12/2013 00:49:49 (Std) 	CEGUI::Logger singleton created. (0x8667b0)
13/12/2013 00:49:49 (Std) 	
13/12/2013 00:49:49 (Std) 	********************************************************************************
13/12/2013 00:49:49 (Std) 	* Important:                                                                   *
13/12/2013 00:49:49 (Std) 	*     To get support at the CEGUI forums, you must post _at least_ the section *
13/12/2013 00:49:49 (Std) 	*     of this log file indicated below.  Failure to do this will result in no  *
13/12/2013 00:49:49 (Std) 	*     support being given; please do not waste our time.                       *
13/12/2013 00:49:49 (Std) 	********************************************************************************
13/12/2013 00:49:49 (Std) 	********************************************************************************
13/12/2013 00:49:49 (Std) 	* -------- START OF ESSENTIAL SECTION TO BE POSTED ON THE FORUM       -------- *
13/12/2013 00:49:49 (Std) 	********************************************************************************
13/12/2013 00:49:49 (Std) 	---- Version 0.7.6 (Build: Sep  8 2012 GNU/Linux g++ 4.7.1 20120814 (prerelease) 64 bit) ----
13/12/2013 00:49:49 (Std) 	---- Renderer module is: CEGUI::OpenGLRenderer - Official OpenGL based 2nd generation renderer module.  TextureTarget support enabled via FBO extension. ----
13/12/2013 00:49:49 (Std) 	---- XML Parser module is: CEGUI::TinyXMLParser - Official tinyXML based parser module for CEGUI ----
13/12/2013 00:49:49 (Std) 	---- Image Codec module is: DevILImageCodec - Official DevIL based image codec ----
13/12/2013 00:49:49 (Std) 	---- Scripting module is: None ----
13/12/2013 00:49:49 (Std) 	********************************************************************************
13/12/2013 00:49:49 (Std) 	* -------- END OF ESSENTIAL SECTION TO BE POSTED ON THE FORUM         -------- *
13/12/2013 00:49:49 (Std) 	********************************************************************************
13/12/2013 00:49:49 (Std) 	
13/12/2013 00:49:49 (Std) 	---- Begining CEGUI System initialisation ----
13/12/2013 00:49:49 (Std) 	CEGUI::ImagesetManager singleton created (0x875880)
13/12/2013 00:49:49 (Std) 	CEGUI::FontManager singleton created. (0x875660)
13/12/2013 00:49:49 (Std) 	CEGUI::WindowFactoryManager singleton created
13/12/2013 00:49:49 (Std) 	CEGUI::WindowManager singleton created (0x8759b0)
13/12/2013 00:49:49 (Std) 	CEGUI::SchemeManager singleton created. (0x875a50)
13/12/2013 00:49:49 (Std) 	CEGUI::MouseCursor singleton created. (0x875b80)
13/12/2013 00:49:49 (Std) 	CEGUI::GlobalEventSet singleton created. (0x875830)
13/12/2013 00:49:49 (Std) 	CEGUI::AnimationManager singleton created (0x875d40)
13/12/2013 00:49:49 (Std) 	CEGUI::WidgetLookManager singleton created. (0x875620)
13/12/2013 00:49:49 (Std) 	CEGUI::WindowRendererManager singleton created (0x877210)
13/12/2013 00:49:49 (Std) 	CEGUI::RenderEffectManager singleton created (0x877250)
13/12/2013 00:49:49 (Std) 	Created WindowFactory for 'DefaultWindow' windows.
13/12/2013 00:49:49 (Std) 	WindowFactory for 'DefaultWindow' windows added. (0x877300)
13/12/2013 00:49:49 (Std) 	Created WindowFactory for 'DragContainer' windows.
13/12/2013 00:49:49 (Std) 	WindowFactory for 'DragContainer' windows added. (0x8774a0)
13/12/2013 00:49:49 (Std) 	Created WindowFactory for 'ScrolledContainer' windows.
13/12/2013 00:49:49 (Std) 	WindowFactory for 'ScrolledContainer' windows added. (0x877640)
13/12/2013 00:49:49 (Std) 	Created WindowFactory for 'ClippedContainer' windows.
13/12/2013 00:49:49 (Std) 	WindowFactory for 'ClippedContainer' windows added. (0x8777e0)
13/12/2013 00:49:49 (Std) 	Created WindowFactory for 'CEGUI/Checkbox' windows.
13/12/2013 00:49:49 (Std) 	WindowFactory for 'CEGUI/Checkbox' windows added. (0x8778a0)
13/12/2013 00:49:49 (Std) 	Created WindowFactory for 'CEGUI/PushButton' windows.
13/12/2013 00:49:49 (Std) 	WindowFactory for 'CEGUI/PushButton' windows added. (0x877bb0)
13/12/2013 00:49:49 (Std) 	Created WindowFactory for 'CEGUI/RadioButton' windows.
13/12/2013 00:49:49 (Std) 	WindowFactory for 'CEGUI/RadioButton' windows added. (0x877d50)
13/12/2013 00:49:49 (Std) 	Created WindowFactory for 'CEGUI/Combobox' windows.
13/12/2013 00:49:49 (Std) 	WindowFactory for 'CEGUI/Combobox' windows added. (0x877ef0)
13/12/2013 00:49:49 (Std) 	Created WindowFactory for 'CEGUI/ComboDropList' windows.
13/12/2013 00:49:49 (Std) 	WindowFactory for 'CEGUI/ComboDropList' windows added. (0x878090)
13/12/2013 00:49:49 (Std) 	Created WindowFactory for 'CEGUI/Editbox' windows.
13/12/2013 00:49:49 (Std) 	WindowFactory for 'CEGUI/Editbox' windows added. (0x8782c0)
13/12/2013 00:49:49 (Std) 	Created WindowFactory for 'CEGUI/FrameWindow' windows.
13/12/2013 00:49:49 (Std) 	WindowFactory for 'CEGUI/FrameWindow' windows added. (0x878460)
13/12/2013 00:49:49 (Std) 	Created WindowFactory for 'CEGUI/ItemEntry' windows.
13/12/2013 00:49:49 (Std) 	WindowFactory for 'CEGUI/ItemEntry' windows added. (0x878600)
13/12/2013 00:49:49 (Std) 	Created WindowFactory for 'CEGUI/Listbox' windows.
13/12/2013 00:49:49 (Std) 	WindowFactory for 'CEGUI/Listbox' windows added. (0x8787a0)
13/12/2013 00:49:49 (Std) 	Created WindowFactory for 'CEGUI/ListHeader' windows.
13/12/2013 00:49:49 (Std) 	WindowFactory for 'CEGUI/ListHeader' windows added. (0x878940)
13/12/2013 00:49:49 (Std) 	Created WindowFactory for 'CEGUI/ListHeaderSegment' windows.
13/12/2013 00:49:49 (Std) 	WindowFactory for 'CEGUI/ListHeaderSegment' windows added. (0x878ae0)
13/12/2013 00:49:49 (Std) 	Created WindowFactory for 'CEGUI/Menubar' windows.
13/12/2013 00:49:49 (Std) 	WindowFactory for 'CEGUI/Menubar' windows added. (0x878c80)
13/12/2013 00:49:49 (Std) 	Created WindowFactory for 'CEGUI/PopupMenu' windows.
13/12/2013 00:49:49 (Std) 	WindowFactory for 'CEGUI/PopupMenu' windows added. (0x878e20)
13/12/2013 00:49:49 (Std) 	Created WindowFactory for 'CEGUI/MenuItem' windows.
13/12/2013 00:49:49 (Std) 	WindowFactory for 'CEGUI/MenuItem' windows added. (0x8790d0)
13/12/2013 00:49:49 (Std) 	Created WindowFactory for 'CEGUI/MultiColumnList' windows.
13/12/2013 00:49:49 (Std) 	WindowFactory for 'CEGUI/MultiColumnList' windows added. (0x879270)
13/12/2013 00:49:49 (Std) 	Created WindowFactory for 'CEGUI/MultiLineEditbox' windows.
13/12/2013 00:49:49 (Std) 	WindowFactory for 'CEGUI/MultiLineEditbox' windows added. (0x879410)
13/12/2013 00:49:49 (Std) 	Created WindowFactory for 'CEGUI/ProgressBar' windows.
13/12/2013 00:49:49 (Std) 	WindowFactory for 'CEGUI/ProgressBar' windows added. (0x8795b0)
13/12/2013 00:49:49 (Std) 	Created WindowFactory for 'CEGUI/ScrollablePane' windows.
13/12/2013 00:49:49 (Std) 	WindowFactory for 'CEGUI/ScrollablePane' windows added. (0x879750)
13/12/2013 00:49:49 (Std) 	Created WindowFactory for 'CEGUI/Scrollbar' windows.
13/12/2013 00:49:49 (Std) 	WindowFactory for 'CEGUI/Scrollbar' windows added. (0x8798f0)
13/12/2013 00:49:49 (Std) 	Created WindowFactory for 'CEGUI/Slider' windows.
13/12/2013 00:49:49 (Std) 	WindowFactory for 'CEGUI/Slider' windows added. (0x879a90)
13/12/2013 00:49:49 (Std) 	Created WindowFactory for 'CEGUI/Spinner' windows.
13/12/2013 00:49:49 (Std) 	WindowFactory for 'CEGUI/Spinner' windows added. (0x879c30)
13/12/2013 00:49:49 (Std) 	Created WindowFactory for 'CEGUI/TabButton' windows.
13/12/2013 00:49:49 (Std) 	WindowFactory for 'CEGUI/TabButton' windows added. (0x879dd0)
13/12/2013 00:49:49 (Std) 	Created WindowFactory for 'CEGUI/TabControl' windows.
13/12/2013 00:49:49 (Std) 	WindowFactory for 'CEGUI/TabControl' windows added. (0x879f70)
13/12/2013 00:49:49 (Std) 	Created WindowFactory for 'CEGUI/Thumb' windows.
13/12/2013 00:49:49 (Std) 	WindowFactory for 'CEGUI/Thumb' windows added. (0x87a110)
13/12/2013 00:49:49 (Std) 	Created WindowFactory for 'CEGUI/Titlebar' windows.
13/12/2013 00:49:49 (Std) 	WindowFactory for 'CEGUI/Titlebar' windows added. (0x87a2b0)
13/12/2013 00:49:49 (Std) 	Created WindowFactory for 'CEGUI/Tooltip' windows.
13/12/2013 00:49:49 (Std) 	WindowFactory for 'CEGUI/Tooltip' windows added. (0x87a450)
13/12/2013 00:49:49 (Std) 	Created WindowFactory for 'CEGUI/ItemListbox' windows.
13/12/2013 00:49:49 (Std) 	WindowFactory for 'CEGUI/ItemListbox' windows added. (0x87a5f0)
13/12/2013 00:49:49 (Std) 	Created WindowFactory for 'CEGUI/GroupBox' windows.
13/12/2013 00:49:49 (Std) 	WindowFactory for 'CEGUI/GroupBox' windows added. (0x87a790)
13/12/2013 00:49:49 (Std) 	Created WindowFactory for 'CEGUI/Tree' windows.
13/12/2013 00:49:49 (Std) 	WindowFactory for 'CEGUI/Tree' windows added. (0x87a930)
13/12/2013 00:49:49 (Std) 	Created WindowFactory for 'HorizontalLayoutContainer' windows.
13/12/2013 00:49:49 (Std) 	WindowFactory for 'HorizontalLayoutContainer' windows added. (0x878fc0)
13/12/2013 00:49:49 (Std) 	Created WindowFactory for 'VerticalLayoutContainer' windows.
13/12/2013 00:49:49 (Std) 	WindowFactory for 'VerticalLayoutContainer' windows added. (0x87adc0)
13/12/2013 00:49:49 (Std) 	Created WindowFactory for 'GridLayoutContainer' windows.
13/12/2013 00:49:49 (Std) 	WindowFactory for 'GridLayoutContainer' windows added. (0x87af60)
13/12/2013 00:49:49 (Std) 	Window type alias named 'DefaultGUISheet' added for window type 'DefaultWindow'.
13/12/2013 00:49:49 (Std) 	CEGUI::System singleton created. (0x8663a0)
13/12/2013 00:49:49 (Std) 	---- CEGUI System initialisation completed ----
13/12/2013 00:49:49 (Std) 	
13/12/2013 00:49:49 (Std) 	Started creation of Scheme from XML specification:
13/12/2013 00:49:49 (Std) 	---- CEGUI GUIScheme name: TaharezLook
13/12/2013 00:49:49 (Std) 	Started creation of Imageset from XML specification:
13/12/2013 00:49:49 (Std) 	---- CEGUI Imageset name: TaharezLook
13/12/2013 00:49:49 (Std) 	---- Source texture file: TaharezLook.tga in resource group: (Default)
13/12/2013 00:49:49 (Std) 	Started creation of Font from XML specification:
13/12/2013 00:49:49 (Std) 	---- CEGUI font name: DejaVuSans-10
13/12/2013 00:49:49 (Std) 	----       Font type: FreeType
13/12/2013 00:49:49 (Std) 	----     Source file: DejaVuSans.ttf in resource group: (Default)
13/12/2013 00:49:49 (Std) 	---- Real point size: 10
13/12/2013 00:49:49 (Std) 	===== Falagard 'root' element: look and feel parsing begins =====
13/12/2013 00:49:49 (Std) 	===== Look and feel parsing completed =====
13/12/2013 00:49:49 (Std) 	No window renderer factories specified for module 'CEGUIFalagardWRBase' - adding all available factories...
13/12/2013 00:49:49 (Std) 	Created WindowRendererFactory for 'Falagard/Button' WindowRenderers.
13/12/2013 00:49:49 (Std) 	WindowRendererFactory 'Falagard/Button' added. (0xbdb980)
13/12/2013 00:49:49 (Std) 	Created WindowRendererFactory for 'Falagard/Default' WindowRenderers.
13/12/2013 00:49:49 (Std) 	WindowRendererFactory 'Falagard/Default' added. (0xcaa270)
13/12/2013 00:49:49 (Std) 	Created WindowRendererFactory for 'Falagard/Editbox' WindowRenderers.
13/12/2013 00:49:49 (Std) 	WindowRendererFactory 'Falagard/Editbox' added. (0xc7ab30)
13/12/2013 00:49:49 (Std) 	Created WindowRendererFactory for 'Falagard/FrameWindow' WindowRenderers.
13/12/2013 00:49:49 (Std) 	WindowRendererFactory 'Falagard/FrameWindow' added. (0x88dfd0)
13/12/2013 00:49:49 (Std) 	Created WindowRendererFactory for 'Falagard/ItemEntry' WindowRenderers.
13/12/2013 00:49:49 (Std) 	WindowRendererFactory 'Falagard/ItemEntry' added. (0xbd99b0)
13/12/2013 00:49:49 (Std) 	Created WindowRendererFactory for 'Falagard/ListHeader' WindowRenderers.
13/12/2013 00:49:49 (Std) 	WindowRendererFactory 'Falagard/ListHeader' added. (0xcb91c0)
13/12/2013 00:49:49 (Std) 	Created WindowRendererFactory for 'Falagard/ListHeaderSegment' WindowRenderers.
13/12/2013 00:49:49 (Std) 	WindowRendererFactory 'Falagard/ListHeaderSegment' added. (0xcb9360)
13/12/2013 00:49:49 (Std) 	Created WindowRendererFactory for 'Falagard/Listbox' WindowRenderers.
13/12/2013 00:49:49 (Std) 	WindowRendererFactory 'Falagard/Listbox' added. (0xcb9500)
13/12/2013 00:49:49 (Std) 	Created WindowRendererFactory for 'Falagard/Menubar' WindowRenderers.
13/12/2013 00:49:49 (Std) 	WindowRendererFactory 'Falagard/Menubar' added. (0xcb96a0)
13/12/2013 00:49:49 (Std) 	Created WindowRendererFactory for 'Falagard/MenuItem' WindowRenderers.
13/12/2013 00:49:49 (Std) 	WindowRendererFactory 'Falagard/MenuItem' added. (0xcb9d20)
13/12/2013 00:49:49 (Std) 	Created WindowRendererFactory for 'Falagard/MultiColumnList' WindowRenderers.
13/12/2013 00:49:49 (Std) 	WindowRendererFactory 'Falagard/MultiColumnList' added. (0xcb9ec0)
13/12/2013 00:49:49 (Std) 	Created WindowRendererFactory for 'Falagard/MultiLineEditbox' WindowRenderers.
13/12/2013 00:49:49 (Std) 	WindowRendererFactory 'Falagard/MultiLineEditbox' added. (0xcba060)
13/12/2013 00:49:49 (Std) 	Created WindowRendererFactory for 'Falagard/PopupMenu' WindowRenderers.
13/12/2013 00:49:49 (Std) 	WindowRendererFactory 'Falagard/PopupMenu' added. (0xcba200)
13/12/2013 00:49:49 (Std) 	Created WindowRendererFactory for 'Falagard/ProgressBar' WindowRenderers.
13/12/2013 00:49:49 (Std) 	WindowRendererFactory 'Falagard/ProgressBar' added. (0xcba3a0)
13/12/2013 00:49:49 (Std) 	Created WindowRendererFactory for 'Falagard/ScrollablePane' WindowRenderers.
13/12/2013 00:49:49 (Std) 	WindowRendererFactory 'Falagard/ScrollablePane' added. (0xcaefd0)
13/12/2013 00:49:49 (Std) 	Created WindowRendererFactory for 'Falagard/Scrollbar' WindowRenderers.
13/12/2013 00:49:49 (Std) 	WindowRendererFactory 'Falagard/Scrollbar' added. (0xcaf170)
13/12/2013 00:49:49 (Std) 	Created WindowRendererFactory for 'Falagard/Slider' WindowRenderers.
13/12/2013 00:49:49 (Std) 	WindowRendererFactory 'Falagard/Slider' added. (0xcaf310)
13/12/2013 00:49:49 (Std) 	Created WindowRendererFactory for 'Falagard/Static' WindowRenderers.
13/12/2013 00:49:49 (Std) 	WindowRendererFactory 'Falagard/Static' added. (0xcaf5c0)
13/12/2013 00:49:49 (Std) 	Created WindowRendererFactory for 'Falagard/StaticImage' WindowRenderers.
13/12/2013 00:49:49 (Std) 	WindowRendererFactory 'Falagard/StaticImage' added. (0xcaf760)
13/12/2013 00:49:49 (Std) 	Created WindowRendererFactory for 'Falagard/StaticText' WindowRenderers.
13/12/2013 00:49:49 (Std) 	WindowRendererFactory 'Falagard/StaticText' added. (0xcaf900)
13/12/2013 00:49:49 (Std) 	Created WindowRendererFactory for 'Falagard/SystemButton' WindowRenderers.
13/12/2013 00:49:49 (Std) 	WindowRendererFactory 'Falagard/SystemButton' added. (0xbd85b0)
13/12/2013 00:49:49 (Std) 	Created WindowRendererFactory for 'Falagard/TabButton' WindowRenderers.
13/12/2013 00:49:49 (Std) 	WindowRendererFactory 'Falagard/TabButton' added. (0xbd8750)
13/12/2013 00:49:49 (Std) 	Created WindowRendererFactory for 'Falagard/TabControl' WindowRenderers.
13/12/2013 00:49:49 (Std) 	WindowRendererFactory 'Falagard/TabControl' added. (0xbd88f0)
13/12/2013 00:49:49 (Std) 	Created WindowRendererFactory for 'Falagard/Titlebar' WindowRenderers.
13/12/2013 00:49:49 (Std) 	WindowRendererFactory 'Falagard/Titlebar' added. (0xbd8a90)
13/12/2013 00:49:49 (Std) 	Created WindowRendererFactory for 'Falagard/ToggleButton' WindowRenderers.
13/12/2013 00:49:49 (Std) 	WindowRendererFactory 'Falagard/ToggleButton' added. (0xbd8c30)
13/12/2013 00:49:49 (Std) 	Created WindowRendererFactory for 'Falagard/Tooltip' WindowRenderers.
13/12/2013 00:49:49 (Std) 	WindowRendererFactory 'Falagard/Tooltip' added. (0xbd8dd0)
13/12/2013 00:49:49 (Std) 	Created WindowRendererFactory for 'Falagard/ItemListbox' WindowRenderers.
13/12/2013 00:49:49 (Std) 	WindowRendererFactory 'Falagard/ItemListbox' added. (0xbd8f70)
13/12/2013 00:49:49 (Std) 	Created WindowRendererFactory for 'Falagard/Tree' WindowRenderers.
13/12/2013 00:49:49 (Std) 	WindowRendererFactory 'Falagard/Tree' added. (0xbd9110)
13/12/2013 00:49:49 (Std) 	Creating falagard mapping for type 'TaharezLook/Button' using base type 'CEGUI/PushButton', window renderer 'Falagard/Button' Look'N'Feel 'TaharezLook/Button' and RenderEffect ''. (0x7fffffffb320)
13/12/2013 00:49:49 (Std) 	Creating falagard mapping for type 'TaharezLook/Checkbox' using base type 'CEGUI/Checkbox', window renderer 'Falagard/ToggleButton' Look'N'Feel 'TaharezLook/Checkbox' and RenderEffect ''. (0x7fffffffb320)
13/12/2013 00:49:49 (Std) 	Creating falagard mapping for type 'TaharezLook/ImageButton' using base type 'CEGUI/PushButton', window renderer 'Falagard/Button' Look'N'Feel 'TaharezLook/ImageButton' and RenderEffect ''. (0x7fffffffb320)
13/12/2013 00:49:49 (Std) 	Creating falagard mapping for type 'TaharezLook/RadioButton' using base type 'CEGUI/RadioButton', window renderer 'Falagard/ToggleButton' Look'N'Feel 'TaharezLook/RadioButton' and RenderEffect ''. (0x7fffffffb320)
13/12/2013 00:49:49 (Std) 	Creating falagard mapping for type 'TaharezLook/FrameWindow' using base type 'CEGUI/FrameWindow', window renderer 'Falagard/FrameWindow' Look'N'Feel 'TaharezLook/FrameWindow' and RenderEffect ''. (0x7fffffffb320)
13/12/2013 00:49:49 (Std) 	Creating falagard mapping for type 'TaharezLook/Titlebar' using base type 'CEGUI/Titlebar', window renderer 'Falagard/Titlebar' Look'N'Feel 'TaharezLook/Titlebar' and RenderEffect ''. (0x7fffffffb320)
13/12/2013 00:49:49 (Std) 	Creating falagard mapping for type 'TaharezLook/SystemButton' using base type 'CEGUI/PushButton', window renderer 'Falagard/Button' Look'N'Feel 'TaharezLook/Button' and RenderEffect ''. (0x7fffffffb320)
13/12/2013 00:49:49 (Std) 	Creating falagard mapping for type 'TaharezLook/Editbox' using base type 'CEGUI/Editbox', window renderer 'Falagard/Editbox' Look'N'Feel 'TaharezLook/Editbox' and RenderEffect ''. (0x7fffffffb320)
13/12/2013 00:49:49 (Std) 	Creating falagard mapping for type 'TaharezLook/MultiLineEditbox' using base type 'CEGUI/MultiLineEditbox', window renderer 'Falagard/MultiLineEditbox' Look'N'Feel 'TaharezLook/MultiLineEditbox' and RenderEffect ''. (0x7fffffffb320)
13/12/2013 00:49:49 (Std) 	Creating falagard mapping for type 'TaharezLook/Menubar' using base type 'CEGUI/Menubar', window renderer 'Falagard/Menubar' Look'N'Feel 'TaharezLook/Menubar' and RenderEffect ''. (0x7fffffffb320)
13/12/2013 00:49:49 (Std) 	Creating falagard mapping for type 'TaharezLook/PopupMenu' using base type 'CEGUI/PopupMenu', window renderer 'Falagard/PopupMenu' Look'N'Feel 'TaharezLook/PopupMenu' and RenderEffect ''. (0x7fffffffb320)
13/12/2013 00:49:49 (Std) 	Creating falagard mapping for type 'TaharezLook/MenuItem' using base type 'CEGUI/MenuItem', window renderer 'Falagard/MenuItem' Look'N'Feel 'TaharezLook/MenuItem' and RenderEffect ''. (0x7fffffffb320)
13/12/2013 00:49:49 (Std) 	Creating falagard mapping for type 'TaharezLook/AlternateProgressBar' using base type 'CEGUI/ProgressBar', window renderer 'Falagard/ProgressBar' Look'N'Feel 'TaharezLook/AltProgressBar' and RenderEffect ''. (0x7fffffffb320)
13/12/2013 00:49:49 (Std) 	Creating falagard mapping for type 'TaharezLook/ProgressBar' using base type 'CEGUI/ProgressBar', window renderer 'Falagard/ProgressBar' Look'N'Feel 'TaharezLook/ProgressBar' and RenderEffect ''. (0x7fffffffb320)
13/12/2013 00:49:49 (Std) 	Creating falagard mapping for type 'TaharezLook/VUMeter' using base type 'CEGUI/ProgressBar', window renderer 'Falagard/ProgressBar' Look'N'Feel 'TaharezLook/VUMeter' and RenderEffect ''. (0x7fffffffb320)
13/12/2013 00:49:49 (Std) 	Creating falagard mapping for type 'TaharezLook/VerticalScrollbar' using base type 'CEGUI/Scrollbar', window renderer 'Falagard/Scrollbar' Look'N'Feel 'TaharezLook/VerticalScrollbar' and RenderEffect ''. (0x7fffffffb320)
13/12/2013 00:49:49 (Std) 	Creating falagard mapping for type 'TaharezLook/HorizontalScrollbar' using base type 'CEGUI/Scrollbar', window renderer 'Falagard/Scrollbar' Look'N'Feel 'TaharezLook/HorizontalScrollbar' and RenderEffect ''. (0x7fffffffb320)
13/12/2013 00:49:49 (Std) 	Creating falagard mapping for type 'TaharezLook/VerticalScrollbarThumb' using base type 'CEGUI/Thumb', window renderer 'Falagard/Button' Look'N'Feel 'TaharezLook/VerticalScrollbarThumb' and RenderEffect ''. (0x7fffffffb320)
13/12/2013 00:49:49 (Std) 	Creating falagard mapping for type 'TaharezLook/HorizontalScrollbarThumb' using base type 'CEGUI/Thumb', window renderer 'Falagard/Button' Look'N'Feel 'TaharezLook/HorizontalScrollbarThumb' and RenderEffect ''. (0x7fffffffb320)
13/12/2013 00:49:49 (Std) 	Creating falagard mapping for type 'TaharezLook/LargeVerticalScrollbar' using base type 'CEGUI/Scrollbar', window renderer 'Falagard/Scrollbar' Look'N'Feel 'TaharezLook/LargeVerticalScrollbar' and RenderEffect ''. (0x7fffffffb320)
13/12/2013 00:49:49 (Std) 	Creating falagard mapping for type 'TaharezLook/LargeVerticalScrollbarThumb' using base type 'CEGUI/Thumb', window renderer 'Falagard/Button' Look'N'Feel 'TaharezLook/LargeVerticalScrollbarThumb' and RenderEffect ''. (0x7fffffffb320)
13/12/2013 00:49:49 (Std) 	Creating falagard mapping for type 'TaharezLook/TabButton' using base type 'CEGUI/TabButton', window renderer 'Falagard/TabButton' Look'N'Feel 'TaharezLook/TabButton' and RenderEffect ''. (0x7fffffffb320)
13/12/2013 00:49:49 (Std) 	Creating falagard mapping for type 'TaharezLook/TabControl' using base type 'CEGUI/TabControl', window renderer 'Falagard/TabControl' Look'N'Feel 'TaharezLook/TabControl' and RenderEffect ''. (0x7fffffffb320)
13/12/2013 00:49:49 (Std) 	Creating falagard mapping for type 'TaharezLook/TabContentPane' using base type 'DefaultWindow', window renderer 'Falagard/Default' Look'N'Feel 'TaharezLook/TabContentPane' and RenderEffect ''. (0x7fffffffb320)
13/12/2013 00:49:49 (Std) 	Creating falagard mapping for type 'TaharezLook/TabButtonPane' using base type 'DefaultWindow', window renderer 'Falagard/Default' Look'N'Feel 'TaharezLook/TabButtonPane' and RenderEffect ''. (0x7fffffffb320)
13/12/2013 00:49:49 (Std) 	Creating falagard mapping for type 'TaharezLook/ComboDropList' using base type 'CEGUI/ComboDropList', window renderer 'Falagard/Listbox' Look'N'Feel 'TaharezLook/ComboDropList' and RenderEffect ''. (0x7fffffffb320)
13/12/2013 00:49:49 (Std) 	Creating falagard mapping for type 'TaharezLook/ComboEditbox' using base type 'CEGUI/Editbox', window renderer 'Falagard/Editbox' Look'N'Feel 'TaharezLook/ComboEditbox' and RenderEffect ''. (0x7fffffffb320)
13/12/2013 00:49:49 (Std) 	Creating falagard mapping for type 'TaharezLook/Combobox' using base type 'CEGUI/Combobox', window renderer 'Falagard/Default' Look'N'Feel 'TaharezLook/Combobox' and RenderEffect ''. (0x7fffffffb320)
13/12/2013 00:49:49 (Std) 	Creating falagard mapping for type 'TaharezLook/Listbox' using base type 'CEGUI/Listbox', window renderer 'Falagard/Listbox' Look'N'Feel 'TaharezLook/Listbox' and RenderEffect ''. (0x7fffffffb320)
13/12/2013 00:49:49 (Std) 	Creating falagard mapping for type 'TaharezLook/ListHeader' using base type 'CEGUI/ListHeader', window renderer 'Falagard/ListHeader' Look'N'Feel 'TaharezLook/ListHeader' and RenderEffect ''. (0x7fffffffb320)
13/12/2013 00:49:49 (Std) 	Creating falagard mapping for type 'TaharezLook/ListHeaderSegment' using base type 'CEGUI/ListHeaderSegment', window renderer 'Falagard/ListHeaderSegment' Look'N'Feel 'TaharezLook/ListHeaderSegment' and RenderEffect ''. (0x7fffffffb320)
13/12/2013 00:49:49 (Std) 	Creating falagard mapping for type 'TaharezLook/MultiColumnList' using base type 'CEGUI/MultiColumnList', window renderer 'Falagard/MultiColumnList' Look'N'Feel 'TaharezLook/MultiColumnList' and RenderEffect ''. (0x7fffffffb320)
13/12/2013 00:49:49 (Std) 	Creating falagard mapping for type 'TaharezLook/Slider' using base type 'CEGUI/Slider', window renderer 'Falagard/Slider' Look'N'Feel 'TaharezLook/Slider' and RenderEffect ''. (0x7fffffffb320)
13/12/2013 00:49:49 (Std) 	Creating falagard mapping for type 'TaharezLook/SliderThumb' using base type 'CEGUI/Thumb', window renderer 'Falagard/Button' Look'N'Feel 'TaharezLook/SliderThumb' and RenderEffect ''. (0x7fffffffb320)
13/12/2013 00:49:49 (Std) 	Creating falagard mapping for type 'TaharezLook/ScrollablePane' using base type 'CEGUI/ScrollablePane', window renderer 'Falagard/ScrollablePane' Look'N'Feel 'TaharezLook/ScrollablePane' and RenderEffect ''. (0x7fffffffb320)
13/12/2013 00:49:49 (Std) 	Creating falagard mapping for type 'TaharezLook/Spinner' using base type 'CEGUI/Spinner', window renderer 'Falagard/Default' Look'N'Feel 'TaharezLook/Spinner' and RenderEffect ''. (0x7fffffffb320)
13/12/2013 00:49:49 (Std) 	Creating falagard mapping for type 'TaharezLook/Tooltip' using base type 'CEGUI/Tooltip', window renderer 'Falagard/Tooltip' Look'N'Feel 'TaharezLook/Tooltip' and RenderEffect ''. (0x7fffffffb320)
13/12/2013 00:49:49 (Std) 	Creating falagard mapping for type 'TaharezLook/StaticImage' using base type 'DefaultWindow', window renderer 'Falagard/StaticImage' Look'N'Feel 'TaharezLook/StaticImage' and RenderEffect ''. (0x7fffffffb320)
13/12/2013 00:49:49 (Std) 	Creating falagard mapping for type 'TaharezLook/StaticText' using base type 'DefaultWindow', window renderer 'Falagard/StaticText' Look'N'Feel 'TaharezLook/StaticText' and RenderEffect ''. (0x7fffffffb320)
13/12/2013 00:49:49 (Std) 	Creating falagard mapping for type 'TaharezLook/ItemListbox' using base type 'CEGUI/ItemListbox', window renderer 'Falagard/ItemListbox' Look'N'Feel 'TaharezLook/ItemListbox' and RenderEffect ''. (0x7fffffffb320)
13/12/2013 00:49:49 (Std) 	Creating falagard mapping for type 'TaharezLook/ListboxItem' using base type 'CEGUI/ItemEntry', window renderer 'Falagard/ItemEntry' Look'N'Feel 'TaharezLook/ListboxItem' and RenderEffect ''. (0x7fffffffb320)
13/12/2013 00:49:49 (Std) 	Creating falagard mapping for type 'TaharezLook/GroupBox' using base type 'CEGUI/GroupBox', window renderer 'Falagard/Default' Look'N'Feel 'TaharezLook/GroupBox' and RenderEffect ''. (0x7fffffffb320)
13/12/2013 00:49:49 (Std) 	Creating falagard mapping for type 'TaharezLook/Tree' using base type 'CEGUI/Tree', window renderer 'Falagard/Tree' Look'N'Feel 'TaharezLook/Tree' and RenderEffect ''. (0x7fffffffb320)
13/12/2013 00:49:49 (Std) 	Attempting to create Imageset 'DejaVuSans-10_auto_glyph_images_ ' with texture only.
13/12/2013 00:49:49 (Error)	GUILayout_xmlHandler::startElement - Unexpected data was found while parsing the gui-layout file: 'Propert' is unknown.
13/12/2013 00:49:49 (Std) 	---- Successfully completed loading of GUI layout from 'ship-gui.xml' ----
